2025-05-17 12:00:02.654 [info] Reading sessions from keychain...
2025-05-17 12:00:02.654 [info] Getting sessions for all scopes...
2025-05-17 12:00:02.654 [info] Getting sessions for all scopes...
2025-05-17 12:00:02.654 [info] Getting sessions for all scopes...
2025-05-17 12:00:02.654 [info] Getting sessions for all scopes...
2025-05-17 12:00:02.654 [info] Got 0 sessions for ...
2025-05-17 12:00:02.654 [info] Got 0 sessions for ...
2025-05-17 12:00:02.654 [info] Got 0 sessions for ...
2025-05-17 12:00:02.654 [info] Got 0 sessions for ...
2025-05-17 12:00:02.654 [info] Getting sessions for all scopes...
2025-05-17 12:00:02.655 [info] Got 0 sessions for ...
2025-05-17 12:00:02.655 [info] Getting sessions for all scopes...
2025-05-17 12:00:02.655 [info] Got 0 sessions for ...
2025-05-17 12:00:02.655 [info] Getting sessions for all scopes...
2025-05-17 12:00:02.655 [info] Got 0 sessions for ...
2025-05-17 12:00:02.655 [info] Getting sessions for all scopes...
2025-05-17 12:00:02.655 [info] Got 0 sessions for ...
2025-05-17 12:00:02.655 [info] Getting sessions for all scopes...
2025-05-17 12:00:02.655 [info] Got 0 sessions for ...
2025-05-17 12:00:02.655 [info] Getting sessions for all scopes...
2025-05-17 12:00:02.655 [info] Got 0 sessions for ...
2025-05-17 12:00:02.655 [info] Getting sessions for all scopes...
2025-05-17 12:00:02.655 [info] Got 0 sessions for ...
2025-05-17 12:00:02.655 [info] Getting sessions for all scopes...
2025-05-17 12:00:02.655 [info] Got 0 sessions for ...
2025-05-17 12:00:02.655 [info] Getting sessions for all scopes...
2025-05-17 12:00:02.655 [info] Got 0 sessions for ...
2025-05-17 12:00:02.655 [info] Getting sessions for all scopes...
2025-05-17 12:00:02.655 [info] Got 0 sessions for ...
2025-05-17 12:00:02.655 [info] Getting sessions for all scopes...
2025-05-17 12:00:02.655 [info] Got 0 sessions for ...
2025-05-17 12:00:04.603 [info] Getting sessions for read:user,repo,user:email,workflow...
2025-05-17 12:00:04.603 [info] Got 0 sessions for read:user,repo,user:email,workflow...
2025-05-17 12:00:29.254 [info] Reading sessions from keychain...
2025-05-17 12:00:29.254 [info] Getting sessions for all scopes...
2025-05-17 12:00:29.254 [info] Getting sessions for all scopes...
2025-05-17 12:00:29.256 [info] Getting sessions for all scopes...
2025-05-17 12:00:29.256 [info] Getting sessions for all scopes...
2025-05-17 12:00:29.256 [info] Got 0 sessions for ...
2025-05-17 12:00:29.256 [info] Got 0 sessions for ...
2025-05-17 12:00:29.256 [info] Got 0 sessions for ...
2025-05-17 12:00:29.256 [info] Got 0 sessions for ...
2025-05-17 12:00:29.257 [info] Getting sessions for all scopes...
2025-05-17 12:00:29.257 [info] Got 0 sessions for ...
2025-05-17 12:00:29.257 [info] Getting sessions for all scopes...
2025-05-17 12:00:29.257 [info] Got 0 sessions for ...
2025-05-17 12:00:29.257 [info] Getting sessions for all scopes...
2025-05-17 12:00:29.257 [info] Got 0 sessions for ...
2025-05-17 12:00:29.257 [info] Getting sessions for all scopes...
2025-05-17 12:00:29.257 [info] Got 0 sessions for ...
2025-05-17 12:00:29.257 [info] Getting sessions for all scopes...
2025-05-17 12:00:29.257 [info] Got 0 sessions for ...
2025-05-17 12:00:29.257 [info] Getting sessions for all scopes...
2025-05-17 12:00:29.257 [info] Got 0 sessions for ...
2025-05-17 12:00:29.257 [info] Getting sessions for all scopes...
2025-05-17 12:00:29.257 [info] Got 0 sessions for ...
2025-05-17 12:00:29.257 [info] Getting sessions for all scopes...
2025-05-17 12:00:29.257 [info] Got 0 sessions for ...
2025-05-17 12:00:29.257 [info] Getting sessions for all scopes...
2025-05-17 12:00:29.257 [info] Got 0 sessions for ...
2025-05-17 12:00:29.257 [info] Getting sessions for all scopes...
2025-05-17 12:00:29.257 [info] Got 0 sessions for ...
2025-05-17 12:00:29.257 [info] Getting sessions for all scopes...
2025-05-17 12:00:29.258 [info] Got 0 sessions for ...
